{"numTotalTestSuites":49,"numPassedTestSuites":49,"numFailedTestSuites":0,"numPendingTestSuites":0,"numTotalTests":115,"numPassedTests":115,"numFailedTests":0,"numPendingTests":0,"numTodoTests":0,"snapshot":{"added":0,"failure":false,"filesAdded":0,"filesRemoved":0,"filesRemovedList":[],"filesUnmatched":0,"filesUpdated":0,"matched":0,"total":0,"unchecked":0,"uncheckedKeysByFile":[],"unmatched":0,"updated":0,"didUpdate":false},"startTime":1785271477550,"success":true,"testResults":[{"assertionResults":[{"ancestorTitles":["Assistant integration routes"],"fullName":"Assistant integration routes POST /assistant/chat rejects requests without CSRF token","status":"passed","title":"POST /assistant/chat rejects requests without CSRF token","duration":68.61020000000008,"failureMessages":[],"meta":{},"tags":[]},{"ancestorTitles":["Assistant integration routes"],"fullName":"Assistant integration routes GET /assistant/csrf-token returns a token","status":"passed","title":"GET /assistant/csrf-token returns a token","duration":9.810999999999694,"failureMessages":[],"meta":{},"tags":[]}],"startTime":1785271482575,"endTime":1785271482652.811,"status":"passed","message":"","name":"C:/Users/ivanr/code/escuela-api/tests/integration/assistant.integration.test.ts"},{"assertionResults":[{"ancestorTitles":["Auth integration routes"],"fullName":"Auth integration routes POST /auth/login returns a token for a valid Google ID token","status":"passed","title":"POST /auth/login returns a token for a valid Google ID token","duration":54.61959999999999,"failureMessages":[],"meta":{},"tags":[]},{"ancestorTitles":["Auth integration routes"],"fullName":"Auth integration routes POST /auth/login falls back to access token when ID token fails","status":"passed","title":"POST /auth/login falls back to access token when ID token fails","duration":9.687300000000505,"failureMessages":[],"meta":{},"tags":[]},{"ancestorTitles":["Auth integration routes"],"fullName":"Auth integration routes POST /auth/login returns 401 when both token methods fail","status":"passed","title":"POST /auth/login returns 401 when both token methods fail","duration":8.153599999999642,"failureMessages":[],"meta":{},"tags":[]}],"startTime":1785271482544,"endTime":1785271482616.1536,"status":"passed","message":"","name":"C:/Users/ivanr/code/escuela-api/tests/integration/auth.integration.test.ts"},{"assertionResults":[{"ancestorTitles":["Courses integration routes"],"fullName":"Courses integration routes GET /courses returns the course list","status":"passed","title":"GET /courses returns the course list","duration":26.985200000000077,"failureMessages":[],"meta":{},"tags":[]},{"ancestorTitles":["Courses integration routes"],"fullName":"Courses integration routes GET /courses/:id returns 404 when the course does not exist","status":"passed","title":"GET /courses/:id returns 404 when the course does not exist","duration":5.352399999999761,"failureMessages":[],"meta":{},"tags":[]},{"ancestorTitles":["Courses integration routes"],"fullName":"Courses integration routes GET /courses/search/:query returns matches","status":"passed","title":"GET /courses/search/:query returns matches","duration":5.586599999999635,"failureMessages":[],"meta":{},"tags":[]}],"startTime":1785271482666,"endTime":1785271482703.5867,"status":"passed","message":"","name":"C:/Users/ivanr/code/escuela-api/tests/integration/courses.integration.test.ts"},{"assertionResults":[{"ancestorTitles":["programOptions"],"fullName":"programOptions has at least one configured option","status":"passed","title":"has at least one configured option","duration":3.125099999999975,"failureMessages":[],"meta":{},"tags":[]},{"ancestorTitles":["programOptions"],"fullName":"programOptions keeps values aligned with options","status":"passed","title":"keeps values aligned with options","duration":1.5071000000000367,"failureMessages":[],"meta":{},"tags":[]},{"ancestorTitles":["programOptions"],"fullName":"programOptions all drive links are valid https urls","status":"passed","title":"all drive links are valid https urls","duration":1.1941999999999098,"failureMessages":[],"meta":{},"tags":[]}],"startTime":1785271480128,"endTime":1785271480134.194,"status":"passed","message":"","name":"C:/Users/ivanr/code/escuela-api/src/tests/unit/config/programOptions.test.ts"},{"assertionResults":[{"ancestorTitles":["AssistantController"],"fullName":"AssistantController chat returns 400 when conversation exceeds max size","status":"passed","title":"chat returns 400 when conversation exceeds max size","duration":4.074500000000171,"failureMessages":[],"meta":{},"tags":[]},{"ancestorTitles":["AssistantController"],"fullName":"AssistantController chat returns 503 for AI_OVERLOADED","status":"passed","title":"chat returns 503 for AI_OVERLOADED","duration":7.446800000000167,"failureMessages":[],"meta":{},"tags":[]},{"ancestorTitles":["AssistantController"],"fullName":"AssistantController captureInterest rejects invalid phone","status":"passed","title":"captureInterest rejects invalid phone","duration":2.1277000000000044,"failureMessages":[],"meta":{},"tags":[]},{"ancestorTitles":["AssistantController"],"fullName":"AssistantController captureInterest sends email using injected resend client","status":"passed","title":"captureInterest sends email using injected resend client","duration":4.802600000000211,"failureMessages":[],"meta":{},"tags":[]}],"startTime":1785271480457,"endTime":1785271480475.8025,"status":"passed","message":"","name":"C:/Users/ivanr/code/escuela-api/src/tests/unit/controllers/assistantController.test.ts"},{"assertionResults":[{"ancestorTitles":["authController"],"fullName":"authController login returns 400 when token is missing","status":"passed","title":"login returns 400 when token is missing","duration":29.761999999999944,"failureMessages":[],"meta":{},"tags":[]},{"ancestorTitles":["authController"],"fullName":"authController login returns token and user for valid google token","status":"passed","title":"login returns token and user for valid google token","duration":13.378100000000131,"failureMessages":[],"meta":{},"tags":[]},{"ancestorTitles":["authController"],"fullName":"authController login falls back to access token when id token verification fails","status":"passed","title":"login falls back to access token when id token verification fails","duration":2.649499999999989,"failureMessages":[],"meta":{},"tags":[]},{"ancestorTitles":["authController"],"fullName":"authController login returns 401 when both id token and access token fail","status":"passed","title":"login returns 401 when both id token and access token fail","duration":15.214199999999892,"failureMessages":[],"meta":{},"tags":[]},{"ancestorTitles":["authController"],"fullName":"authController verifyToken returns 401 when service throws","status":"passed","title":"verifyToken returns 401 when service throws","duration":5.885299999999916,"failureMessages":[],"meta":{},"tags":[]},{"ancestorTitles":["authController"],"fullName":"authController verifyToken returns 403 for disallowed domain","status":"passed","title":"verifyToken returns 403 for disallowed domain","duration":1.9584999999999582,"failureMessages":[],"meta":{},"tags":[]},{"ancestorTitles":["authController"],"fullName":"authController verifyToken returns valid true for allowed domain","status":"passed","title":"verifyToken returns valid true for allowed domain","duration":2.4907000000000608,"failureMessages":[],"meta":{},"tags":[]},{"ancestorTitles":["authController"],"fullName":"authController getCurrentUser returns 401 when user is missing","status":"passed","title":"getCurrentUser returns 401 when user is missing","duration":1.1132000000000062,"failureMessages":[],"meta":{},"tags":[]},{"ancestorTitles":["authController"],"fullName":"authController getCurrentUser returns current user data","status":"passed","title":"getCurrentUser returns current user data","duration":1.6141000000000076,"failureMessages":[],"meta":{},"tags":[]}],"startTime":1785271479184,"endTime":1785271479258.614,"status":"passed","message":"","name":"C:/Users/ivanr/code/escuela-api/src/tests/unit/controllers/authController.test.ts"},{"assertionResults":[{"ancestorTitles":["database connection"],"fullName":"database connection getPool creates a singleton pool","status":"passed","title":"getPool creates a singleton pool","duration":4.753400000000056,"failureMessages":[],"meta":{},"tags":[]},{"ancestorTitles":["database connection"],"fullName":"database connection initializeDatabase creates table and releases connection","status":"passed","title":"initializeDatabase creates table and releases connection","duration":6.548399999999901,"failureMessages":[],"meta":{},"tags":[]},{"ancestorTitles":["database connection"],"fullName":"database connection initializeDatabase releases connection on error","status":"passed","title":"initializeDatabase releases connection on error","duration":17.530399999999872,"failureMessages":[],"meta":{},"tags":[]},{"ancestorTitles":["database connection"],"fullName":"database connection closePool ends and resets pool","status":"passed","title":"closePool ends and resets pool","duration":1.2350000000001273,"failureMessages":[],"meta":{},"tags":[]}],"startTime":1785271479430,"endTime":1785271479460.235,"status":"passed","message":"","name":"C:/Users/ivanr/code/escuela-api/src/tests/unit/database/connection.test.ts"},{"assertionResults":[{"ancestorTitles":["CourseRepository"],"fullName":"CourseRepository getAllCourses returns rows","status":"passed","title":"getAllCourses returns rows","duration":9.121499999999969,"failureMessages":[],"meta":{},"tags":[]},{"ancestorTitles":["CourseRepository"],"fullName":"CourseRepository getCourseById returns first row","status":"passed","title":"getCourseById returns first row","duration":1.756900000000087,"failureMessages":[],"meta":{},"tags":[]},{"ancestorTitles":["CourseRepository"],"fullName":"CourseRepository getCoursesByCategory filters by category","status":"passed","title":"getCoursesByCategory filters by category","duration":2.0400999999999385,"failureMessages":[],"meta":{},"tags":[]},{"ancestorTitles":["CourseRepository"],"fullName":"CourseRepository getCoursesByModality filters by modality","status":"passed","title":"getCoursesByModality filters by modality","duration":0.8119999999998981,"failureMessages":[],"meta":{},"tags":[]},{"ancestorTitles":["CourseRepository"],"fullName":"CourseRepository createCourse inserts and returns created entity","status":"passed","title":"createCourse inserts and returns created entity","duration":1.2823000000000775,"failureMessages":[],"meta":{},"tags":[]},{"ancestorTitles":["CourseRepository"],"fullName":"CourseRepository updateCourse returns current course when no fields are provided","status":"passed","title":"updateCourse returns current course when no fields are provided","duration":0.8016000000000076,"failureMessages":[],"meta":{},"tags":[]},{"ancestorTitles":["CourseRepository"],"fullName":"CourseRepository updateCourse updates and returns new data when fields exist","status":"passed","title":"updateCourse updates and returns new data when fields exist","duration":1.8890999999998712,"failureMessages":[],"meta":{},"tags":[]},{"ancestorTitles":["CourseRepository"],"fullName":"CourseRepository deleteCourse returns false when nothing is deleted","status":"passed","title":"deleteCourse returns false when nothing is deleted","duration":0.9720999999999549,"failureMessages":[],"meta":{},"tags":[]},{"ancestorTitles":["CourseRepository"],"fullName":"CourseRepository searchCourses uses wildcard term","status":"passed","title":"searchCourses uses wildcard term","duration":6.232500000000073,"failureMessages":[],"meta":{},"tags":[]},{"ancestorTitles":["CourseRepository"],"fullName":"CourseRepository deleteCourse returns true when a row is deleted","status":"passed","title":"deleteCourse returns true when a row is deleted","duration":1.0521000000001095,"failureMessages":[],"meta":{},"tags":[]}],"startTime":1785271479281,"endTime":1785271479307.052,"status":"passed","message":"","name":"C:/Users/ivanr/code/escuela-api/src/tests/unit/database/courseRepository.test.ts"},{"assertionResults":[{"ancestorTitles":["authMiddleware"],"fullName":"authMiddleware returns 401 when Authorization header is missing","status":"passed","title":"returns 401 when Authorization header is missing","duration":11.139799999999923,"failureMessages":[],"meta":{},"tags":[]},{"ancestorTitles":["authMiddleware"],"fullName":"authMiddleware returns 403 for disallowed email domain","status":"passed","title":"returns 403 for disallowed email domain","duration":2.113200000000006,"failureMessages":[],"meta":{},"tags":[]},{"ancestorTitles":["authMiddleware"],"fullName":"authMiddleware attaches user and calls next for valid token","status":"passed","title":"attaches user and calls next for valid token","duration":2.48479999999995,"failureMessages":[],"meta":{},"tags":[]},{"ancestorTitles":["authMiddleware"],"fullName":"authMiddleware returns 401 when jwt verification throws","status":"passed","title":"returns 401 when jwt verification throws","duration":5.069600000000037,"failureMessages":[],"meta":{},"tags":[]},{"ancestorTitles":["domainMiddleware"],"fullName":"domainMiddleware returns 401 when req.user is absent","status":"passed","title":"returns 401 when req.user is absent","duration":2.2717999999999847,"failureMessages":[],"meta":{},"tags":[]},{"ancestorTitles":["domainMiddleware"],"fullName":"domainMiddleware calls next when user domain is valid","status":"passed","title":"calls next when user domain is valid","duration":1.648300000000063,"failureMessages":[],"meta":{},"tags":[]},{"ancestorTitles":["domainMiddleware"],"fullName":"domainMiddleware returns 403 when user domain is invalid","status":"passed","title":"returns 403 when user domain is invalid","duration":1.4834000000000742,"failureMessages":[],"meta":{},"tags":[]}],"startTime":1785271479264,"endTime":1785271479291.4834,"status":"passed","message":"","name":"C:/Users/ivanr/code/escuela-api/src/tests/unit/middleware/authMiddleware.test.ts"},{"assertionResults":[{"ancestorTitles":["csrfMiddleware"],"fullName":"csrfMiddleware generateToken delegates to double csrf token generator","status":"passed","title":"generateToken delegates to double csrf token generator","duration":24.34140000000002,"failureMessages":[],"meta":{},"tags":[]},{"ancestorTitles":["csrfMiddleware"],"fullName":"csrfMiddleware validateRequest calls next when csrf protection passes","status":"passed","title":"validateRequest calls next when csrf protection passes","duration":3.137100000000146,"failureMessages":[],"meta":{},"tags":[]},{"ancestorTitles":["csrfMiddleware"],"fullName":"csrfMiddleware validateRequest returns 403 when csrf protection fails","status":"passed","title":"validateRequest returns 403 when csrf protection fails","duration":25.52060000000006,"failureMessages":[],"meta":{},"tags":[]}],"startTime":1785271479280,"endTime":1785271479333.5205,"status":"passed","message":"","name":"C:/Users/ivanr/code/escuela-api/src/tests/unit/middleware/csrfMiddleware.test.ts"},{"assertionResults":[{"ancestorTitles":["errorMiddleware"],"fullName":"errorMiddleware returns 500 when statusCode is missing","status":"passed","title":"returns 500 when statusCode is missing","duration":19.577399999999898,"failureMessages":[],"meta":{},"tags":[]},{"ancestorTitles":["errorMiddleware"],"fullName":"errorMiddleware uses explicit statusCode","status":"passed","title":"uses explicit statusCode","duration":3.761399999999867,"failureMessages":[],"meta":{},"tags":[]}],"startTime":1785271479382,"endTime":1785271479405.7615,"status":"passed","message":"","name":"C:/Users/ivanr/code/escuela-api/src/tests/unit/middleware/errorMiddleware.test.ts"},{"assertionResults":[{"ancestorTitles":["validateMiddleware"],"fullName":"validateMiddleware validates body and calls next","status":"passed","title":"validates body and calls next","duration":20.859100000000126,"failureMessages":[],"meta":{},"tags":[]},{"ancestorTitles":["validateMiddleware"],"fullName":"validateMiddleware returns 400 when body is invalid","status":"passed","title":"returns 400 when body is invalid","duration":15.276900000000069,"failureMessages":[],"meta":{},"tags":[]},{"ancestorTitles":["validateMiddleware"],"fullName":"validateMiddleware validates body, query and params together","status":"passed","title":"validates body, query and params together","duration":13.279799999999796,"failureMessages":[],"meta":{},"tags":[]},{"ancestorTitles":["validateMiddleware"],"fullName":"validateMiddleware returns 400 with sectioned errors in validateRequest","status":"passed","title":"returns 400 with sectioned errors in validateRequest","duration":7.550699999999779,"failureMessages":[],"meta":{},"tags":[]}],"startTime":1785271479002,"endTime":1785271479059.5508,"status":"passed","message":"","name":"C:/Users/ivanr/code/escuela-api/src/tests/unit/middleware/validateMiddleware.test.ts"},{"assertionResults":[{"ancestorTitles":["app routes"],"fullName":"app routes GET /health returns success payload","status":"passed","title":"GET /health returns success payload","duration":36.52480000000014,"failureMessages":[],"meta":{},"tags":[]},{"ancestorTitles":["app routes"],"fullName":"app routes GET /auth/me returns 401 without token","status":"passed","title":"GET /auth/me returns 401 without token","duration":10.01890000000003,"failureMessages":[],"meta":{},"tags":[]}],"startTime":1785271482546,"endTime":1785271482592.0188,"status":"passed","message":"","name":"C:/Users/ivanr/code/escuela-api/src/tests/unit/routes/appRoutes.test.ts"},{"assertionResults":[{"ancestorTitles":["assistantRoutes"],"fullName":"assistantRoutes GET /assistant/welcome returns welcome payload","status":"passed","title":"GET /assistant/welcome returns welcome payload","duration":66.35849999999982,"failureMessages":[],"meta":{},"tags":[]},{"ancestorTitles":["assistantRoutes"],"fullName":"assistantRoutes GET /assistant/csrf-token returns generated token","status":"passed","title":"GET /assistant/csrf-token returns generated token","duration":23.456900000000132,"failureMessages":[],"meta":{},"tags":[]},{"ancestorTitles":["assistantRoutes"],"fullName":"assistantRoutes POST /assistant/chat validates schema","status":"passed","title":"POST /assistant/chat validates schema","duration":93.44450000000006,"failureMessages":[],"meta":{},"tags":[]},{"ancestorTitles":["assistantRoutes"],"fullName":"assistantRoutes POST /assistant/chat enforces rate limit","status":"passed","title":"POST /assistant/chat enforces rate limit","duration":130.40279999999984,"failureMessages":[],"meta":{},"tags":[]},{"ancestorTitles":["assistantRoutes"],"fullName":"assistantRoutes POST /assistant/interest validates schema","status":"passed","title":"POST /assistant/interest validates schema","duration":12.840200000000095,"failureMessages":[],"meta":{},"tags":[]}],"startTime":1785271479748,"endTime":1785271480074.84,"status":"passed","message":"","name":"C:/Users/ivanr/code/escuela-api/src/tests/unit/routes/assistantRoutes.test.ts"},{"assertionResults":[{"ancestorTitles":["courseRoutes"],"fullName":"courseRoutes GET /courses returns list","status":"passed","title":"GET /courses returns list","duration":81.56899999999996,"failureMessages":[],"meta":{},"tags":[]},{"ancestorTitles":["courseRoutes"],"fullName":"courseRoutes GET /courses/:id returns 404 when no course","status":"passed","title":"GET /courses/:id returns 404 when no course","duration":14.405999999999949,"failureMessages":[],"meta":{},"tags":[]},{"ancestorTitles":["courseRoutes"],"fullName":"courseRoutes GET /courses/:id returns course when found","status":"passed","title":"GET /courses/:id returns course when found","duration":13.870300000000043,"failureMessages":[],"meta":{},"tags":[]},{"ancestorTitles":["courseRoutes"],"fullName":"courseRoutes GET /courses returns 500 when repository fails","status":"passed","title":"GET /courses returns 500 when repository fails","duration":12.900299999999788,"failureMessages":[],"meta":{},"tags":[]},{"ancestorTitles":["courseRoutes"],"fullName":"courseRoutes GET /courses/search/:query delegates to repository","status":"passed","title":"GET /courses/search/:query delegates to repository","duration":13.288699999999835,"failureMessages":[],"meta":{},"tags":[]},{"ancestorTitles":["courseRoutes"],"fullName":"courseRoutes GET /courses/category/:category delegates to repository","status":"passed","title":"GET /courses/category/:category delegates to repository","duration":11.84109999999987,"failureMessages":[],"meta":{},"tags":[]},{"ancestorTitles":["courseRoutes"],"fullName":"courseRoutes GET /courses/modality/:modality delegates to repository","status":"passed","title":"GET /courses/modality/:modality delegates to repository","duration":10.240399999999909,"failureMessages":[],"meta":{},"tags":[]}],"startTime":1785271479475,"endTime":1785271479633.2405,"status":"passed","message":"","name":"C:/Users/ivanr/code/escuela-api/src/tests/unit/routes/courseRoutes.test.ts"},{"assertionResults":[{"ancestorTitles":["diplomaRoutes"],"fullName":"diplomaRoutes GET /diploma responds with base message","status":"passed","title":"GET /diploma responds with base message","duration":66.03980000000001,"failureMessages":[],"meta":{},"tags":[]},{"ancestorTitles":["diplomaRoutes"],"fullName":"diplomaRoutes GET /diploma/:id returns 400 when hash is invalid","status":"passed","title":"GET /diploma/:id returns 400 when hash is invalid","duration":19.776499999999942,"failureMessages":[],"meta":{},"tags":[]},{"ancestorTitles":["diplomaRoutes"],"fullName":"diplomaRoutes GET /diploma/generate returns 400 when link is missing","status":"passed","title":"GET /diploma/generate returns 400 when link is missing","duration":12.892799999999625,"failureMessages":[],"meta":{},"tags":[]},{"ancestorTitles":["diplomaRoutes"],"fullName":"diplomaRoutes GET /diploma/generate returns 400 when link is invalid","status":"passed","title":"GET /diploma/generate returns 400 when link is invalid","duration":16.008600000000115,"failureMessages":[],"meta":{},"tags":[]},{"ancestorTitles":["diplomaRoutes"],"fullName":"diplomaRoutes GET /diploma/generate returns png when link is valid","status":"passed","title":"GET /diploma/generate returns png when link is valid","duration":15.05600000000004,"failureMessages":[],"meta":{},"tags":[]},{"ancestorTitles":["diplomaRoutes"],"fullName":"diplomaRoutes GET /diploma/:id returns 404 when Drive file is missing","status":"passed","title":"GET /diploma/:id returns 404 when Drive file is missing","duration":21.895300000000134,"failureMessages":[],"meta":{},"tags":[]},{"ancestorTitles":["diplomaRoutes"],"fullName":"diplomaRoutes GET /diploma/:id streams pdf when hash and file are valid","status":"passed","title":"GET /diploma/:id streams pdf when hash and file are valid","duration":17.986199999999826,"failureMessages":[],"meta":{},"tags":[]},{"ancestorTitles":["diplomaRoutes"],"fullName":"diplomaRoutes GET /diploma/:id appends .pdf when filename has no extension","status":"passed","title":"GET /diploma/:id appends .pdf when filename has no extension","duration":12.594900000000052,"failureMessages":[],"meta":{},"tags":[]},{"ancestorTitles":["diplomaRoutes"],"fullName":"diplomaRoutes GET /diploma/:id redirects to auth when authentication is required","status":"passed","title":"GET /diploma/:id redirects to auth when authentication is required","duration":34.799499999999625,"failureMessages":[],"meta":{},"tags":[]},{"ancestorTitles":["diplomaRoutes"],"fullName":"diplomaRoutes GET /diploma/:id returns 500 for unknown errors","status":"passed","title":"GET /diploma/:id returns 500 for unknown errors","duration":14.95699999999988,"failureMessages":[],"meta":{},"tags":[]},{"ancestorTitles":["diplomaRoutes"],"fullName":"diplomaRoutes POST /diploma/certificate returns generated PDF for mec flow","status":"passed","title":"POST /diploma/certificate returns generated PDF for mec flow","duration":47.659999999999854,"failureMessages":[],"meta":{},"tags":[]},{"ancestorTitles":["diplomaRoutes"],"fullName":"diplomaRoutes POST /diploma/certificate supports mec flow with program option","status":"passed","title":"POST /diploma/certificate supports mec flow with program option","duration":12.199599999999919,"failureMessages":[],"meta":{},"tags":[]},{"ancestorTitles":["diplomaRoutes"],"fullName":"diplomaRoutes POST /diploma/certificate returns 500 when hash cannot be created","status":"passed","title":"POST /diploma/certificate returns 500 when hash cannot be created","duration":16.172000000000025,"failureMessages":[],"meta":{},"tags":[]},{"ancestorTitles":["diplomaRoutes"],"fullName":"diplomaRoutes POST /diploma/certificate returns 500 when upload has no webViewLink","status":"passed","title":"POST /diploma/certificate returns 500 when upload has no webViewLink","duration":10.941600000000108,"failureMessages":[],"meta":{},"tags":[]},{"ancestorTitles":["diplomaRoutes"],"fullName":"diplomaRoutes POST /diploma/certificate returns 400 for invalid program option","status":"passed","title":"POST /diploma/certificate returns 400 for invalid program option","duration":11.85719999999992,"failureMessages":[],"meta":{},"tags":[]},{"ancestorTitles":["diplomaRoutes"],"fullName":"diplomaRoutes POST /diploma/certificate returns 400 when program drive link cannot be parsed","status":"passed","title":"POST /diploma/certificate returns 400 when program drive link cannot be parsed","duration":11.822400000000016,"failureMessages":[],"meta":{},"tags":[]},{"ancestorTitles":["diplomaRoutes"],"fullName":"diplomaRoutes POST /diploma/certificate combines program PDF and returns file","status":"passed","title":"POST /diploma/certificate combines program PDF and returns file","duration":8.484500000000025,"failureMessages":[],"meta":{},"tags":[]}],"startTime":1785271479716,"endTime":1785271480068.4846,"status":"passed","message":"","name":"C:/Users/ivanr/code/escuela-api/src/tests/unit/routes/diplomaRoutes.test.ts"},{"assertionResults":[{"ancestorTitles":["emailRoutes"],"fullName":"emailRoutes POST /email/send returns 202 on success","status":"passed","title":"POST /email/send returns 202 on success","duration":115.64060000000018,"failureMessages":[],"meta":{},"tags":[]},{"ancestorTitles":["emailRoutes"],"fullName":"emailRoutes POST /email/send returns 500 on provider error","status":"passed","title":"POST /email/send returns 500 on provider error","duration":32.0295000000001,"failureMessages":[],"meta":{},"tags":[]},{"ancestorTitles":["emailRoutes"],"fullName":"emailRoutes POST /email/inquire validates body","status":"passed","title":"POST /email/inquire validates body","duration":26.273699999999735,"failureMessages":[],"meta":{},"tags":[]},{"ancestorTitles":["emailRoutes"],"fullName":"emailRoutes POST /email/inquire returns 202 on success","status":"passed","title":"POST /email/inquire returns 202 on success","duration":18.52850000000035,"failureMessages":[],"meta":{},"tags":[]},{"ancestorTitles":["emailRoutes"],"fullName":"emailRoutes POST /email/inquire returns 500 on provider error","status":"passed","title":"POST /email/inquire returns 500 on provider error","duration":19.69399999999996,"failureMessages":[],"meta":{},"tags":[]}],"startTime":1785271479733,"endTime":1785271479945.694,"status":"passed","message":"","name":"C:/Users/ivanr/code/escuela-api/src/tests/unit/routes/emailRoutes.test.ts"},{"assertionResults":[{"ancestorTitles":["chatSchema"],"fullName":"chatSchema accepts message of 2000 chars","status":"passed","title":"accepts message of 2000 chars","duration":3.4349999999999454,"failureMessages":[],"meta":{},"tags":[]},{"ancestorTitles":["chatSchema"],"fullName":"chatSchema rejects message over 2000 chars","status":"passed","title":"rejects message over 2000 chars","duration":0.9002000000000407,"failureMessages":[],"meta":{},"tags":[]},{"ancestorTitles":["chatSchema"],"fullName":"chatSchema rejects conversation history longer than 20","status":"passed","title":"rejects conversation history longer than 20","duration":1.0550999999999249,"failureMessages":[],"meta":{},"tags":[]}],"startTime":1785271480261,"endTime":1785271480267.0552,"status":"passed","message":"","name":"C:/Users/ivanr/code/escuela-api/src/tests/unit/schemas/chatSchema.test.ts"},{"assertionResults":[{"ancestorTitles":["assistantService"],"fullName":"assistantService chat returns response and matched recommended courses","status":"passed","title":"chat returns response and matched recommended courses","duration":15.76890000000003,"failureMessages":[],"meta":{},"tags":[]},{"ancestorTitles":["assistantService"],"fullName":"assistantService chat maps status 529 to AI_OVERLOADED","status":"passed","title":"chat maps status 529 to AI_OVERLOADED","duration":9.47609999999986,"failureMessages":[],"meta":{},"tags":[]},{"ancestorTitles":["assistantService"],"fullName":"assistantService chat returns generic error for unknown provider failures","status":"passed","title":"chat returns generic error for unknown provider failures","duration":14.667400000000043,"failureMessages":[],"meta":{},"tags":[]}],"startTime":1785271479164,"endTime":1785271479203.6675,"status":"passed","message":"","name":"C:/Users/ivanr/code/escuela-api/src/tests/unit/services/assistantService.test.ts"},{"assertionResults":[{"ancestorTitles":["authService"],"fullName":"authService generates and verifies jwt token","status":"passed","title":"generates and verifies jwt token","duration":24.210599999999886,"failureMessages":[],"meta":{},"tags":[]},{"ancestorTitles":["authService"],"fullName":"authService throws when verifying malformed token","status":"passed","title":"throws when verifying malformed token","duration":24.456699999999955,"failureMessages":[],"meta":{},"tags":[]},{"ancestorTitles":["authService"],"fullName":"authService verifyGoogleToken returns user info for valid payload","status":"passed","title":"verifyGoogleToken returns user info for valid payload","duration":5.5168999999998505,"failureMessages":[],"meta":{},"tags":[]},{"ancestorTitles":["authService"],"fullName":"authService verifyGoogleToken throws for invalid domain","status":"passed","title":"verifyGoogleToken throws for invalid domain","duration":4.037299999999959,"failureMessages":[],"meta":{},"tags":[]},{"ancestorTitles":["authService"],"fullName":"authService getUserInfoFromAccessToken returns mapped user","status":"passed","title":"getUserInfoFromAccessToken returns mapped user","duration":1.9201000000000477,"failureMessages":[],"meta":{},"tags":[]},{"ancestorTitles":["authService"],"fullName":"authService getUserInfoFromAccessToken throws when response is not ok","status":"passed","title":"getUserInfoFromAccessToken throws when response is not ok","duration":2.5592000000001462,"failureMessages":[],"meta":{},"tags":[]}],"startTime":1785271479494,"endTime":1785271479556.559,"status":"passed","message":"","name":"C:/Users/ivanr/code/escuela-api/src/tests/unit/services/authService.test.ts"},{"assertionResults":[{"ancestorTitles":["driveService"],"fullName":"driveService extracts file id from drive url","status":"passed","title":"extracts file id from drive url","duration":6.625600000000077,"failureMessages":[],"meta":{},"tags":[]},{"ancestorTitles":["driveService"],"fullName":"driveService returns null for invalid drive url","status":"passed","title":"returns null for invalid drive url","duration":1.2642000000000735,"failureMessages":[],"meta":{},"tags":[]},{"ancestorTitles":["driveService"],"fullName":"driveService getDriveFileJWT returns stream and metadata for pdf","status":"passed","title":"getDriveFileJWT returns stream and metadata for pdf","duration":2.844699999999875,"failureMessages":[],"meta":{},"tags":[]},{"ancestorTitles":["driveService"],"fullName":"driveService getDriveFileJWT throws if mime type is not pdf","status":"passed","title":"getDriveFileJWT throws if mime type is not pdf","duration":4.194899999999961,"failureMessages":[],"meta":{},"tags":[]},{"ancestorTitles":["driveService"],"fullName":"driveService getDriveFileAsBuffer returns file buffer","status":"passed","title":"getDriveFileAsBuffer returns file buffer","duration":1.391399999999976,"failureMessages":[],"meta":{},"tags":[]},{"ancestorTitles":["driveService"],"fullName":"driveService uploadOrReplaceFile creates file when no existing one","status":"passed","title":"uploadOrReplaceFile creates file when no existing one","duration":2.653300000000172,"failureMessages":[],"meta":{},"tags":[]},{"ancestorTitles":["driveService"],"fullName":"driveService uploadOrReplaceFile updates existing file","status":"passed","title":"uploadOrReplaceFile updates existing file","duration":1.2090999999998076,"failureMessages":[],"meta":{},"tags":[]}],"startTime":1785271479469,"endTime":1785271479489.209,"status":"passed","message":"","name":"C:/Users/ivanr/code/escuela-api/src/tests/unit/services/driveService.test.ts"},{"assertionResults":[{"ancestorTitles":["hashService"],"fullName":"hashService creates URL-safe hash and verifies roundtrip","status":"passed","title":"creates URL-safe hash and verifies roundtrip","duration":242.71309999999994,"failureMessages":[],"meta":{},"tags":[]},{"ancestorTitles":["hashService"],"fullName":"hashService returns null for tampered hash","status":"passed","title":"returns null for tampered hash","duration":225.47019999999998,"failureMessages":[],"meta":{},"tags":[]}],"startTime":1785271478974,"endTime":1785271479442.4702,"status":"passed","message":"","name":"C:/Users/ivanr/code/escuela-api/src/tests/unit/services/hashService.test.ts"},{"assertionResults":[{"ancestorTitles":["pdfTemplateService"],"fullName":"pdfTemplateService fills PDF template and returns buffer","status":"passed","title":"fills PDF template and returns buffer","duration":18.39409999999998,"failureMessages":[],"meta":{},"tags":[]},{"ancestorTitles":["pdfTemplateService"],"fullName":"pdfTemplateService combines multiple pdf buffers","status":"passed","title":"combines multiple pdf buffers","duration":4.957199999999943,"failureMessages":[],"meta":{},"tags":[]}],"startTime":1785271479931,"endTime":1785271479954.9573,"status":"passed","message":"","name":"C:/Users/ivanr/code/escuela-api/src/tests/unit/services/pdfTemplateService.test.ts"},{"assertionResults":[{"ancestorTitles":["qrService"],"fullName":"qrService generates qr buffer with expected options","status":"passed","title":"generates qr buffer with expected options","duration":12.024800000000027,"failureMessages":[],"meta":{},"tags":[]},{"ancestorTitles":["qrService"],"fullName":"qrService throws when qrcode provider fails","status":"passed","title":"throws when qrcode provider fails","duration":6.014599999999973,"failureMessages":[],"meta":{},"tags":[]}],"startTime":1785271480038,"endTime":1785271480057.0146,"status":"passed","message":"","name":"C:/Users/ivanr/code/escuela-api/src/tests/unit/services/qrService.test.ts"}]}